<?xml version="1.0" encoding="UTF-8"?>
<testng-results skipped="0" failed="0" ignored="0" total="2" passed="2">
  <reporter-output>
  </reporter-output>
  <suite name="Default suite" duration-ms="29318" started-at="2020-03-12T21:49:51Z" finished-at="2020-03-12T21:50:20Z">
    <groups>
    </groups>
    <test name="Default test" duration-ms="29318" started-at="2020-03-12T21:49:51Z" finished-at="2020-03-12T21:50:20Z">
      <class name="com.tests.LoginTest">
        <test-method status="PASS" signature="setUp()[pri:0, instance:com.tests.LoginTest@527740a2]" name="setUp" is-config="true" duration-ms="13464" started-at="2020-03-12T16:49:51Z" finished-at="2020-03-12T16:50:04Z">
          <reporter-output>
          </reporter-output>
        </test-method> <!-- setUp -->
        <test-method status="PASS" signature="getTitle()[pri:0, instance:com.tests.LoginTest@527740a2]" name="getTitle" duration-ms="69" started-at="2020-03-12T16:50:04Z" finished-at="2020-03-12T16:50:04Z">
          <reporter-output>
          </reporter-output>
        </test-method> <!-- getTitle -->
        <test-method status="PASS" signature="tearDown()[pri:0, instance:com.tests.LoginTest@527740a2]" name="tearDown" is-config="true" duration-ms="2099" started-at="2020-03-12T16:50:04Z" finished-at="2020-03-12T16:50:06Z">
          <reporter-output>
          </reporter-output>
        </test-method> <!-- tearDown -->
        <test-method status="PASS" signature="setUp()[pri:0, instance:com.tests.LoginTest@527740a2]" name="setUp" is-config="true" duration-ms="12268" started-at="2020-03-12T16:50:06Z" finished-at="2020-03-12T16:50:19Z">
          <reporter-output>
          </reporter-output>
        </test-method> <!-- setUp -->
        <test-method status="PASS" signature="logoTest()[pri:0, instance:com.tests.LoginTest@527740a2]" name="logoTest" duration-ms="640" started-at="2020-03-12T16:50:19Z" finished-at="2020-03-12T16:50:19Z">
          <reporter-output>
          </reporter-output>
        </test-method> <!-- logoTest -->
        <test-method status="PASS" signature="tearDown()[pri:0, instance:com.tests.LoginTest@527740a2]" name="tearDown" is-config="true" duration-ms="749" started-at="2020-03-12T16:50:19Z" finished-at="2020-03-12T16:50:20Z">
          <reporter-output>
          </reporter-output>
        </test-method> <!-- tearDown -->
      </class> <!-- com.tests.LoginTest -->
    </test> <!-- Default test -->
  </suite> <!-- Default suite -->
</testng-results>
